0 info it worked if it ends with ok
1 verbose cli [ 'D:\\nodejs\\node.exe',
1 verbose cli   'D:\\nodejs\\node_modules\\npm\\bin\\npm-cli.js',
1 verbose cli   'run',
1 verbose cli   'start' ]
2 info using npm@3.10.10
3 info using node@v6.9.5
4 verbose run-script [ 'prestart', 'start', 'poststart' ]
5 info lifecycle starter@1.0.0~prestart: starter@1.0.0
6 silly lifecycle starter@1.0.0~prestart: no script for prestart, continuing
7 info lifecycle starter@1.0.0~start: starter@1.0.0
8 verbose lifecycle starter@1.0.0~start: unsafe-perm in lifecycle true
9 verbose lifecycle starter@1.0.0~start: PATH: D:\nodejs\node_modules\npm\bin\node-gyp-bin;E:\00000.rice\comp531\inclass-14\mocking\node_modules\.bin;C:\Windows\system32\;C:\ProgramData\Oracle\Java\javapath;C:\Program Files(x86)\Java\jdk1.8.0_20\\bin;C:\Program Files(x86)\Java\jdk1.8.0_20\\jre\bin;C:\SWTOOLS\ReadyApps;C:\Program Files (x86)\Common Files\Lenovo;C:\Program Files\Common Files\Microsoft Shared\Windows Live;C:\Program Files (x86)\Common Files\Microsoft Shared\Windows Live;C:\Program Files (x86)\Intel\iCLS Client\;C:\Program Files\Intel\iCLS Client\;C:\Windows\system32;C:\Windows;C:\Windows\System32\Wbem;C:\Windows\System32\WindowsPowerShell\v1.0\;C:\Program Files\ThinkPad\Bluetooth Software\;C:\Program Files\ThinkPad\Bluetooth Software\syswow64;C:\Program Files\Intel\Intel(R) Management Engine Components\DAL;C:\Program Files\Intel\Intel(R) Management Engine Components\IPT;C:\Program Files (x86)\Intel\Intel(R) Management Engine Components\DAL;C:\Program Files (x86)\Intel\Intel(R) Management Engine Components\IPT;C:\Program Files (x86)\Intel\OpenCL SDK\2.0\bin\x86;C:\Program Files (x86)\Intel\OpenCL SDK\2.0\bin\x64;C:\Program Files\Common Files\Lenovo;C:\Program Files (x86)\Common Files\Ulead Systems\MPEG;C:\Program Files (x86)\Windows Live\Shared;D:\SoftWare\python;D:\SoftWare\python2.7;D:\SoftWare\TortoiseSVN\bin;C:\Program Files\Microsoft\Web Platform Installer\;C:\Program Files (x86)\Microsoft ASP.NET\ASP.NET Web Pages\v1.0\;C:\Program Files (x86)\Windows Kits\8.0\Windows Performance Toolkit\;C:\Program Files\Microsoft SQL Server\110\Tools\Binn\;C:\Program Files\Microsoft SQL Server\120\DTS\Binn\;C:\Program Files\Microsoft SQL Server\Client SDK\ODBC\110\Tools\Binn\;C:\Program Files (x86)\Microsoft SQL Server\120\Tools\Binn\;C:\Program Files\Microsoft SQL Server\120\Tools\Binn\;C:\Program Files (x86)\Microsoft SQL Server\120\Tools\Binn\ManagementStudio\;C:\Program Files (x86)\Microsoft SQL Server\120\DTS\Binn\;C:\Program Files (x86)\Skype\Phone\;D:\SoftWare\Git\cmd;D:\SoftWare\Anaconda3;D:\SoftWare\Anaconda3\Scripts;D:\SoftWare\Anaconda3\Library\bin;D:\SoftWare\MatlabR2016\runtime\win64;D:\SoftWare\MatlabR2016\bin;D:\SoftWare\MatlabR2016\polyspace\bin;D:\Matlab\bin;D:\nodejs\;D:\cygwin64\bin;D:\SoftWare\Java\jdk1.8.0_20\bin;D:\SoftWare\Java\jdk1.8.0_20\jre\bin;;D:\fpc\bin\i386-Win32;D:\SoftWare;C:\Users\zhaoshuqi\AppData\Roaming\npm
10 verbose lifecycle starter@1.0.0~start: CWD: E:\00000.rice\comp531\inclass-14\mocking
11 silly lifecycle starter@1.0.0~start: Args: [ '/d /s /c', 'serve -p 8080 dist' ]
12 silly lifecycle starter@1.0.0~start: Returned: code: 3221225786  signal: null
13 info lifecycle starter@1.0.0~start: Failed to exec start script
14 verbose stack Error: starter@1.0.0 start: `serve -p 8080 dist`
14 verbose stack Exit status 3221225786
14 verbose stack     at EventEmitter.<anonymous> (D:\nodejs\node_modules\npm\lib\utils\lifecycle.js:255:16)
14 verbose stack     at emitTwo (events.js:106:13)
14 verbose stack     at EventEmitter.emit (events.js:191:7)
14 verbose stack     at ChildProcess.<anonymous> (D:\nodejs\node_modules\npm\lib\utils\spawn.js:40:14)
14 verbose stack     at emitTwo (events.js:106:13)
14 verbose stack     at ChildProcess.emit (events.js:191:7)
14 verbose stack     at maybeClose (internal/child_process.js:877:16)
14 verbose stack     at Process.ChildProcess._handle.onexit (internal/child_process.js:226:5)
15 verbose pkgid starter@1.0.0
16 verbose cwd E:\00000.rice\comp531\inclass-14\mocking
17 error Windows_NT 6.1.7601
18 error argv "D:\\nodejs\\node.exe" "D:\\nodejs\\node_modules\\npm\\bin\\npm-cli.js" "run" "start"
19 error node v6.9.5
20 error npm  v3.10.10
21 error code ELIFECYCLE
22 error starter@1.0.0 start: `serve -p 8080 dist`
22 error Exit status 3221225786
23 error Failed at the starter@1.0.0 start script 'serve -p 8080 dist'.
23 error Make sure you have the latest version of node.js and npm installed.
23 error If you do, this is most likely a problem with the starter package,
23 error not with npm itself.
23 error Tell the author that this fails on your system:
23 error     serve -p 8080 dist
23 error You can get information on how to open an issue for this project with:
23 error     npm bugs starter
23 error Or if that isn't available, you can get their info via:
23 error     npm owner ls starter
23 error There is likely additional logging output above.
24 verbose exit [ 1, true ]
